!SESSION 2023-07-04 18:08:01.771 -----------------------------------------------
eclipse.buildId=unknown
java.version=15.0.1
java.vendor=Oracle Corporation
BootLoader constants: OS=win32, ARCH=x86_64, WS=win32, NL=en_IN

!ENTRY org.eclipse.osgi 4 0 2023-07-04 18:08:03.037
!MESSAGE Bundle reference:file:pax-confman-propsloader-0.2.3.jar@1:start not found.

!ENTRY org.eclipse.equinox.http.jetty 4 0 2023-07-04 18:08:03.290
!MESSAGE FrameworkEvent ERROR
!STACK 0
org.osgi.framework.BundleException: Could not resolve module: org.eclipse.equinox.http.jetty [14]
  Unresolved requirement: Import-Package: javax.servlet; version="[2.6.0,4.0.0)"
    -> Export-Package: javax.servlet; bundle-symbolic-name="javax.servlet"; bundle-version="3.1.0.v201410161800"; version="3.1.0"; uses:="javax.servlet.descriptor,javax.servlet.annotation"
       javax.servlet [1]
         Unresolved requirement: Require-Capability: osgi.ee; filter:="(&(osgi.ee=JavaSE)(version=1.7))"

	at org.eclipse.osgi.container.Module.start(Module.java:434)
	at org.eclipse.osgi.container.ModuleContainer$ContainerStartLevel.incStartLevel(ModuleContainer.java:1582)
	at org.eclipse.osgi.container.ModuleContainer$ContainerStartLevel.incStartLevel(ModuleContainer.java:1562)
	at org.eclipse.osgi.container.ModuleContainer$ContainerStartLevel.doContainerStartLevel(ModuleContainer.java:1533)
	at org.eclipse.osgi.container.SystemModule.startWorker(SystemModule.java:242)
	at org.eclipse.osgi.container.Module.doStart(Module.java:571)
	at org.eclipse.osgi.container.Module.start(Module.java:439)
	at org.eclipse.osgi.container.SystemModule.start(SystemModule.java:172)
	at org.eclipse.osgi.internal.framework.EquinoxBundle.start(EquinoxBundle.java:393)
	at org.eclipse.osgi.internal.framework.EquinoxBundle.start(EquinoxBundle.java:412)
	at org.eclipse.osgi.launch.Equinox.start(Equinox.java:115)
	at org.eclipse.core.runtime.adaptor.EclipseStarter.startup(EclipseStarter.java:318)
	at org.eclipse.core.runtime.adaptor.EclipseStarter.run(EclipseStarter.java:231)
	at java.base/jdk.internal.reflect.NativeMethodAccessorImpl.invoke0(Native Method)
	at java.base/jdk.internal.reflect.NativeMethodAccessorImpl.invoke(NativeMethodAccessorImpl.java:64)
	at java.base/jdk.internal.reflect.DelegatingMethodAccessorImpl.invoke(DelegatingMethodAccessorImpl.java:43)
	at java.base/java.lang.reflect.Method.invoke(Method.java:564)
	at org.eclipse.equinox.launcher.Main.invokeFramework(Main.java:648)
	at org.eclipse.equinox.launcher.Main.basicRun(Main.java:603)
	at org.eclipse.equinox.launcher.Main.run(Main.java:1465)
	at org.eclipse.equinox.launcher.Main.main(Main.java:1438)

!ENTRY org.eclipse.om2m.datamapping.jaxb 4 0 2023-07-04 18:08:03.297
!MESSAGE FrameworkEvent ERROR
!STACK 0
org.osgi.framework.BundleException: Could not resolve module: org.eclipse.om2m.datamapping.jaxb [36]
  Unresolved requirement: Import-Package: org.eclipse.om2m.commons.constants
    -> Export-Package: org.eclipse.om2m.commons.constants; bundle-symbolic-name="org.eclipse.om2m.commons"; bundle-version="1.1.0.20220116-0718"; version="0.0.0"
       org.eclipse.om2m.commons [29]
         Unresolved requirement: Require-Capability: osgi.ee; filter:="(&(osgi.ee=JavaSE)(version=1.8))"

	at org.eclipse.osgi.container.Module.start(Module.java:434)
	at org.eclipse.osgi.container.ModuleContainer$ContainerStartLevel.incStartLevel(ModuleContainer.java:1582)
	at org.eclipse.osgi.container.ModuleContainer$ContainerStartLevel.incStartLevel(ModuleContainer.java:1562)
	at org.eclipse.osgi.container.ModuleContainer$ContainerStartLevel.doContainerStartLevel(ModuleContainer.java:1533)
	at org.eclipse.osgi.container.SystemModule.startWorker(SystemModule.java:242)
	at org.eclipse.osgi.container.Module.doStart(Module.java:571)
	at org.eclipse.osgi.container.Module.start(Module.java:439)
	at org.eclipse.osgi.container.SystemModule.start(SystemModule.java:172)
	at org.eclipse.osgi.internal.framework.EquinoxBundle.start(EquinoxBundle.java:393)
	at org.eclipse.osgi.internal.framework.EquinoxBundle.start(EquinoxBundle.java:412)
	at org.eclipse.osgi.launch.Equinox.start(Equinox.java:115)
	at org.eclipse.core.runtime.adaptor.EclipseStarter.startup(EclipseStarter.java:318)
	at org.eclipse.core.runtime.adaptor.EclipseStarter.run(EclipseStarter.java:231)
	at java.base/jdk.internal.reflect.NativeMethodAccessorImpl.invoke0(Native Method)
	at java.base/jdk.internal.reflect.NativeMethodAccessorImpl.invoke(NativeMethodAccessorImpl.java:64)
	at java.base/jdk.internal.reflect.DelegatingMethodAccessorImpl.invoke(DelegatingMethodAccessorImpl.java:43)
	at java.base/java.lang.reflect.Method.invoke(Method.java:564)
	at org.eclipse.equinox.launcher.Main.invokeFramework(Main.java:648)
	at org.eclipse.equinox.launcher.Main.basicRun(Main.java:603)
	at org.eclipse.equinox.launcher.Main.run(Main.java:1465)
	at org.eclipse.equinox.launcher.Main.main(Main.java:1438)

!ENTRY org.eclipse.om2m.binding.coap 4 0 2023-07-04 18:08:03.300
!MESSAGE FrameworkEvent ERROR
!STACK 0
org.osgi.framework.BundleException: Could not resolve module: org.eclipse.om2m.binding.coap [25]
  Unresolved requirement: Import-Package: org.eclipse.om2m.binding.service
    -> Export-Package: org.eclipse.om2m.binding.service; bundle-symbolic-name="org.eclipse.om2m.binding.service"; bundle-version="1.1.0.20220116-0718"; version="0.0.0"
       org.eclipse.om2m.binding.service [28]
         Unresolved requirement: Require-Bundle: org.eclipse.om2m.commons
           -> Bundle-SymbolicName: org.eclipse.om2m.commons; bundle-version="1.1.0.20220116-0718"
              org.eclipse.om2m.commons [29]
                Unresolved requirement: Require-Capability: osgi.ee; filter:="(&(osgi.ee=JavaSE)(version=1.8))"

	at org.eclipse.osgi.container.Module.start(Module.java:434)
	at org.eclipse.osgi.container.ModuleContainer$ContainerStartLevel.incStartLevel(ModuleContainer.java:1582)
	at org.eclipse.osgi.container.ModuleContainer$ContainerStartLevel.incStartLevel(ModuleContainer.java:1562)
	at org.eclipse.osgi.container.ModuleContainer$ContainerStartLevel.doContainerStartLevel(ModuleContainer.java:1533)
	at org.eclipse.osgi.container.ModuleContainer$ContainerStartLevel.dispatchEvent(ModuleContainer.java:1476)
	at org.eclipse.osgi.container.ModuleContainer$ContainerStartLevel.dispatchEvent(ModuleContainer.java:1)
	at org.eclipse.osgi.framework.eventmgr.EventManager.dispatchEvent(EventManager.java:230)
	at org.eclipse.osgi.framework.eventmgr.EventManager$EventThread.run(EventManager.java:340)

!ENTRY org.eclipse.om2m.binding.http 4 0 2023-07-04 18:08:03.302
!MESSAGE FrameworkEvent ERROR
!STACK 0
org.osgi.framework.BundleException: Could not resolve module: org.eclipse.om2m.binding.http [26]
  Unresolved requirement: Import-Package: javax.servlet
    -> Export-Package: javax.servlet; bundle-symbolic-name="javax.servlet"; bundle-version="3.1.0.v201410161800"; version="3.1.0"; uses:="javax.servlet.descriptor,javax.servlet.annotation"
       javax.servlet [1]
         Unresolved requirement: Require-Capability: osgi.ee; filter:="(&(osgi.ee=JavaSE)(version=1.7))"

	at org.eclipse.osgi.container.Module.start(Module.java:434)
	at org.eclipse.osgi.container.ModuleContainer$ContainerStartLevel.incStartLevel(ModuleContainer.java:1582)
	at org.eclipse.osgi.container.ModuleContainer$ContainerStartLevel.incStartLevel(ModuleContainer.java:1562)
	at org.eclipse.osgi.container.ModuleContainer$ContainerStartLevel.doContainerStartLevel(ModuleContainer.java:1533)
	at org.eclipse.osgi.container.ModuleContainer$ContainerStartLevel.dispatchEvent(ModuleContainer.java:1476)
	at org.eclipse.osgi.container.ModuleContainer$ContainerStartLevel.dispatchEvent(ModuleContainer.java:1)
	at org.eclipse.osgi.framework.eventmgr.EventManager.dispatchEvent(EventManager.java:230)
	at org.eclipse.osgi.framework.eventmgr.EventManager$EventThread.run(EventManager.java:340)

!ENTRY org.eclipse.om2m.binding.mqtt 4 0 2023-07-04 18:08:03.303
!MESSAGE FrameworkEvent ERROR
!STACK 0
org.osgi.framework.BundleException: Could not resolve module: org.eclipse.om2m.binding.mqtt [27]
  Unresolved requirement: Import-Package: org.eclipse.om2m.binding.service
    -> Export-Package: org.eclipse.om2m.binding.service; bundle-symbolic-name="org.eclipse.om2m.binding.service"; bundle-version="1.1.0.20220116-0718"; version="0.0.0"
       org.eclipse.om2m.binding.service [28]
         Unresolved requirement: Require-Bundle: org.eclipse.om2m.commons
           -> Bundle-SymbolicName: org.eclipse.om2m.commons; bundle-version="1.1.0.20220116-0718"
              org.eclipse.om2m.commons [29]
                Unresolved requirement: Require-Capability: osgi.ee; filter:="(&(osgi.ee=JavaSE)(version=1.8))"

	at org.eclipse.osgi.container.Module.start(Module.java:434)
	at org.eclipse.osgi.container.ModuleContainer$ContainerStartLevel.incStartLevel(ModuleContainer.java:1582)
	at org.eclipse.osgi.container.ModuleContainer$ContainerStartLevel.incStartLevel(ModuleContainer.java:1562)
	at org.eclipse.osgi.container.ModuleContainer$ContainerStartLevel.doContainerStartLevel(ModuleContainer.java:1533)
	at org.eclipse.osgi.container.ModuleContainer$ContainerStartLevel.dispatchEvent(ModuleContainer.java:1476)
	at org.eclipse.osgi.container.ModuleContainer$ContainerStartLevel.dispatchEvent(ModuleContainer.java:1)
	at org.eclipse.osgi.framework.eventmgr.EventManager.dispatchEvent(EventManager.java:230)
	at org.eclipse.osgi.framework.eventmgr.EventManager$EventThread.run(EventManager.java:340)

!ENTRY org.eclipse.om2m.persistence.eclipselink 4 0 2023-07-04 18:08:03.305
!MESSAGE FrameworkEvent ERROR
!STACK 0
org.osgi.framework.BundleException: Could not resolve module: org.eclipse.om2m.persistence.eclipselink [43]
  Unresolved requirement: Import-Package: javax.persistence
    -> Export-Package: javax.persistence; bundle-symbolic-name="org.eclipse.om2m.commons"; bundle-version="1.1.0.20220116-0718"; version="0.0.0"
       org.eclipse.om2m.commons [29]
         Unresolved requirement: Require-Capability: osgi.ee; filter:="(&(osgi.ee=JavaSE)(version=1.8))"

	at org.eclipse.osgi.container.Module.start(Module.java:434)
	at org.eclipse.osgi.container.ModuleContainer$ContainerStartLevel.incStartLevel(ModuleContainer.java:1582)
	at org.eclipse.osgi.container.ModuleContainer$ContainerStartLevel.incStartLevel(ModuleContainer.java:1562)
	at org.eclipse.osgi.container.ModuleContainer$ContainerStartLevel.doContainerStartLevel(ModuleContainer.java:1533)
	at org.eclipse.osgi.container.ModuleContainer$ContainerStartLevel.dispatchEvent(ModuleContainer.java:1476)
	at org.eclipse.osgi.container.ModuleContainer$ContainerStartLevel.dispatchEvent(ModuleContainer.java:1)
	at org.eclipse.osgi.framework.eventmgr.EventManager.dispatchEvent(EventManager.java:230)
	at org.eclipse.osgi.framework.eventmgr.EventManager$EventThread.run(EventManager.java:340)

!ENTRY org.eclipse.om2m.core 4 0 2023-07-04 18:08:03.307
!MESSAGE FrameworkEvent ERROR
!STACK 0
org.osgi.framework.BundleException: Could not resolve module: org.eclipse.om2m.core [31]
  Unresolved requirement: Import-Package: javax.persistence
    -> Export-Package: javax.persistence; bundle-symbolic-name="org.eclipse.om2m.commons"; bundle-version="1.1.0.20220116-0718"; version="0.0.0"
       org.eclipse.om2m.commons [29]
         Unresolved requirement: Require-Capability: osgi.ee; filter:="(&(osgi.ee=JavaSE)(version=1.8))"

	at org.eclipse.osgi.container.Module.start(Module.java:434)
	at org.eclipse.osgi.container.ModuleContainer$ContainerStartLevel.incStartLevel(ModuleContainer.java:1582)
	at org.eclipse.osgi.container.ModuleContainer$ContainerStartLevel.incStartLevel(ModuleContainer.java:1562)
	at org.eclipse.osgi.container.ModuleContainer$ContainerStartLevel.doContainerStartLevel(ModuleContainer.java:1533)
	at org.eclipse.osgi.container.ModuleContainer$ContainerStartLevel.dispatchEvent(ModuleContainer.java:1476)
	at org.eclipse.osgi.container.ModuleContainer$ContainerStartLevel.dispatchEvent(ModuleContainer.java:1)
	at org.eclipse.osgi.framework.eventmgr.EventManager.dispatchEvent(EventManager.java:230)
	at org.eclipse.osgi.framework.eventmgr.EventManager$EventThread.run(EventManager.java:340)

!ENTRY org.eclipse.equinox.http.servlet 4 0 2023-07-04 18:08:03.309
!MESSAGE FrameworkEvent ERROR
!STACK 0
org.osgi.framework.BundleException: Could not resolve module: org.eclipse.equinox.http.servlet [15]
  Unresolved requirement: Import-Package: javax.servlet; version="[2.3.0,4.0.0)"
    -> Export-Package: javax.servlet; bundle-symbolic-name="javax.servlet"; bundle-version="3.1.0.v201410161800"; version="3.1.0"; uses:="javax.servlet.descriptor,javax.servlet.annotation"
       javax.servlet [1]
         Unresolved requirement: Require-Capability: osgi.ee; filter:="(&(osgi.ee=JavaSE)(version=1.7))"

	at org.eclipse.osgi.container.Module.start(Module.java:434)
	at org.eclipse.osgi.container.ModuleContainer$ContainerStartLevel.incStartLevel(ModuleContainer.java:1582)
	at org.eclipse.osgi.container.ModuleContainer$ContainerStartLevel.incStartLevel(ModuleContainer.java:1561)
	at org.eclipse.osgi.container.ModuleContainer$ContainerStartLevel.doContainerStartLevel(ModuleContainer.java:1533)
	at org.eclipse.osgi.container.ModuleContainer$ContainerStartLevel.dispatchEvent(ModuleContainer.java:1476)
	at org.eclipse.osgi.container.ModuleContainer$ContainerStartLevel.dispatchEvent(ModuleContainer.java:1)
	at org.eclipse.osgi.framework.eventmgr.EventManager.dispatchEvent(EventManager.java:230)
	at org.eclipse.osgi.framework.eventmgr.EventManager$EventThread.run(EventManager.java:340)

!ENTRY org.eclipse.om2m.webapp.resourcesbrowser.json 4 0 2023-07-04 18:08:03.453
!MESSAGE FrameworkEvent ERROR
!STACK 0
org.osgi.framework.BundleException: Could not resolve module: org.eclipse.om2m.webapp.resourcesbrowser.json [56]
  Unresolved requirement: Import-Package: javax.servlet
    -> Export-Package: javax.servlet; bundle-symbolic-name="javax.servlet"; bundle-version="3.1.0.v201410161800"; version="3.1.0"; uses:="javax.servlet.descriptor,javax.servlet.annotation"
       javax.servlet [1]
         Unresolved requirement: Require-Capability: osgi.ee; filter:="(&(osgi.ee=JavaSE)(version=1.7))"

	at org.eclipse.osgi.container.Module.start(Module.java:434)
	at org.eclipse.osgi.container.ModuleContainer$ContainerStartLevel.incStartLevel(ModuleContainer.java:1582)
	at org.eclipse.osgi.container.ModuleContainer$ContainerStartLevel.incStartLevel(ModuleContainer.java:1562)
	at org.eclipse.osgi.container.ModuleContainer$ContainerStartLevel.doContainerStartLevel(ModuleContainer.java:1533)
	at org.eclipse.osgi.container.ModuleContainer$ContainerStartLevel.dispatchEvent(ModuleContainer.java:1476)
	at org.eclipse.osgi.container.ModuleContainer$ContainerStartLevel.dispatchEvent(ModuleContainer.java:1)
	at org.eclipse.osgi.framework.eventmgr.EventManager.dispatchEvent(EventManager.java:230)
	at org.eclipse.osgi.framework.eventmgr.EventManager$EventThread.run(EventManager.java:340)

!ENTRY org.eclipse.om2m.sdt.api 4 0 2023-07-04 18:08:03.454
!MESSAGE FrameworkEvent ERROR
!STACK 0
org.osgi.framework.BundleException: Could not resolve module: org.eclipse.om2m.sdt.api [46]
  Unresolved requirement: Require-Capability: osgi.ee; filter:="(&(osgi.ee=JavaSE)(version=1.7))"

	at org.eclipse.osgi.container.Module.start(Module.java:434)
	at org.eclipse.osgi.container.ModuleContainer$ContainerStartLevel.incStartLevel(ModuleContainer.java:1582)
	at org.eclipse.osgi.container.ModuleContainer$ContainerStartLevel.incStartLevel(ModuleContainer.java:1562)
	at org.eclipse.osgi.container.ModuleContainer$ContainerStartLevel.doContainerStartLevel(ModuleContainer.java:1533)
	at org.eclipse.osgi.container.ModuleContainer$ContainerStartLevel.dispatchEvent(ModuleContainer.java:1476)
	at org.eclipse.osgi.container.ModuleContainer$ContainerStartLevel.dispatchEvent(ModuleContainer.java:1)
	at org.eclipse.osgi.framework.eventmgr.EventManager.dispatchEvent(EventManager.java:230)
	at org.eclipse.osgi.framework.eventmgr.EventManager$EventThread.run(EventManager.java:340)

!ENTRY org.eclipse.om2m.sdt.comparator.xml 4 0 2023-07-04 18:08:03.456
!MESSAGE FrameworkEvent ERROR
!STACK 0
org.osgi.framework.BundleException: Could not resolve module: org.eclipse.om2m.sdt.comparator.xml [47]
  Unresolved requirement: Import-Package: javax.servlet
    -> Export-Package: javax.servlet; bundle-symbolic-name="javax.servlet"; bundle-version="3.1.0.v201410161800"; version="3.1.0"; uses:="javax.servlet.descriptor,javax.servlet.annotation"
       javax.servlet [1]
         Unresolved requirement: Require-Capability: osgi.ee; filter:="(&(osgi.ee=JavaSE)(version=1.7))"

	at org.eclipse.osgi.container.Module.start(Module.java:434)
	at org.eclipse.osgi.container.ModuleContainer$ContainerStartLevel.incStartLevel(ModuleContainer.java:1582)
	at org.eclipse.osgi.container.ModuleContainer$ContainerStartLevel.incStartLevel(ModuleContainer.java:1562)
	at org.eclipse.osgi.container.ModuleContainer$ContainerStartLevel.doContainerStartLevel(ModuleContainer.java:1533)
	at org.eclipse.osgi.container.ModuleContainer$ContainerStartLevel.dispatchEvent(ModuleContainer.java:1476)
	at org.eclipse.osgi.container.ModuleContainer$ContainerStartLevel.dispatchEvent(ModuleContainer.java:1)
	at org.eclipse.osgi.framework.eventmgr.EventManager.dispatchEvent(EventManager.java:230)
	at org.eclipse.osgi.framework.eventmgr.EventManager$EventThread.run(EventManager.java:340)

!ENTRY org.eclipse.om2m.sdt.home 4 0 2023-07-04 18:08:03.458
!MESSAGE FrameworkEvent ERROR
!STACK 0
org.osgi.framework.BundleException: Could not resolve module: org.eclipse.om2m.sdt.home [48]
  Unresolved requirement: Import-Package: org.eclipse.om2m.commons.resource
    -> Export-Package: org.eclipse.om2m.commons.resource; bundle-symbolic-name="org.eclipse.om2m.commons"; bundle-version="1.1.0.20220116-0718"; version="0.0.0"
       org.eclipse.om2m.commons [29]
         Unresolved requirement: Require-Capability: osgi.ee; filter:="(&(osgi.ee=JavaSE)(version=1.8))"

	at org.eclipse.osgi.container.Module.start(Module.java:434)
	at org.eclipse.osgi.container.ModuleContainer$ContainerStartLevel.incStartLevel(ModuleContainer.java:1582)
	at org.eclipse.osgi.container.ModuleContainer$ContainerStartLevel.incStartLevel(ModuleContainer.java:1562)
	at org.eclipse.osgi.container.ModuleContainer$ContainerStartLevel.doContainerStartLevel(ModuleContainer.java:1533)
	at org.eclipse.osgi.container.ModuleContainer$ContainerStartLevel.dispatchEvent(ModuleContainer.java:1476)
	at org.eclipse.osgi.container.ModuleContainer$ContainerStartLevel.dispatchEvent(ModuleContainer.java:1)
	at org.eclipse.osgi.framework.eventmgr.EventManager.dispatchEvent(EventManager.java:230)
	at org.eclipse.osgi.framework.eventmgr.EventManager$EventThread.run(EventManager.java:340)

!ENTRY org.eclipse.om2m.sdt.home.driver 4 0 2023-07-04 18:08:03.459
!MESSAGE FrameworkEvent ERROR
!STACK 0
org.osgi.framework.BundleException: Could not resolve module: org.eclipse.om2m.sdt.home.driver [50]
  Unresolved requirement: Import-Package: org.eclipse.om2m.sdt
    -> Export-Package: org.eclipse.om2m.sdt; bundle-symbolic-name="org.eclipse.om2m.sdt.api"; bundle-version="1.1.0.20220116-0718"; version="0.0.0"
       org.eclipse.om2m.sdt.api [46]
         Unresolved requirement: Require-Capability: osgi.ee; filter:="(&(osgi.ee=JavaSE)(version=1.7))"

	at org.eclipse.osgi.container.Module.start(Module.java:434)
	at org.eclipse.osgi.container.ModuleContainer$ContainerStartLevel.incStartLevel(ModuleContainer.java:1582)
	at org.eclipse.osgi.container.ModuleContainer$ContainerStartLevel.incStartLevel(ModuleContainer.java:1562)
	at org.eclipse.osgi.container.ModuleContainer$ContainerStartLevel.doContainerStartLevel(ModuleContainer.java:1533)
	at org.eclipse.osgi.container.ModuleContainer$ContainerStartLevel.dispatchEvent(ModuleContainer.java:1476)
	at org.eclipse.osgi.container.ModuleContainer$ContainerStartLevel.dispatchEvent(ModuleContainer.java:1)
	at org.eclipse.osgi.framework.eventmgr.EventManager.dispatchEvent(EventManager.java:230)
	at org.eclipse.osgi.framework.eventmgr.EventManager$EventThread.run(EventManager.java:340)

!ENTRY org.eclipse.osgi 4 0 2023-07-04 18:08:03.461
!MESSAGE Bundle initial@reference:file:plugins/org.eclipse.equinox.http.jetty_3.0.200.v20131021-1843.jar was not resolved.

!ENTRY org.eclipse.osgi 4 0 2023-07-04 18:08:03.462
!MESSAGE Bundle initial@reference:file:plugins/org.eclipse.om2m.binding.coap_1.1.0.20220116-0718.jar was not resolved.

!ENTRY org.eclipse.osgi 4 0 2023-07-04 18:08:03.463
!MESSAGE Bundle initial@reference:file:plugins/org.eclipse.om2m.binding.http_1.1.0.20220116-0718.jar was not resolved.

!ENTRY org.eclipse.osgi 4 0 2023-07-04 18:08:03.464
!MESSAGE Bundle initial@reference:file:plugins/org.eclipse.om2m.binding.mqtt_1.1.0.20220116-0718.jar was not resolved.

!ENTRY org.eclipse.osgi 4 0 2023-07-04 18:08:03.465
!MESSAGE Bundle initial@reference:file:plugins/org.eclipse.om2m.core_1.1.0.20220116-0718.jar was not resolved.

!ENTRY org.eclipse.osgi 4 0 2023-07-04 18:08:03.467
!MESSAGE Bundle initial@reference:file:plugins/org.eclipse.om2m.datamapping.jaxb_1.1.0.20220116-0718.jar was not resolved.

!ENTRY org.eclipse.osgi 4 0 2023-07-04 18:08:03.468
!MESSAGE Bundle initial@reference:file:plugins/org.eclipse.om2m.persistence.eclipselink_1.1.0.20220116-0718.jar was not resolved.

!ENTRY org.eclipse.osgi 4 0 2023-07-04 18:08:03.469
!MESSAGE Bundle initial@reference:file:plugins/org.eclipse.om2m.sdt.api_1.1.0.20220116-0718.jar was not resolved.

!ENTRY org.eclipse.osgi 4 0 2023-07-04 18:08:03.471
!MESSAGE Bundle initial@reference:file:plugins/org.eclipse.om2m.sdt.comparator.xml_1.1.0.20220116-0718.jar was not resolved.

!ENTRY org.eclipse.osgi 4 0 2023-07-04 18:08:03.472
!MESSAGE Bundle initial@reference:file:plugins/org.eclipse.om2m.sdt.home_1.1.0.20220116-0718.jar was not resolved.

!ENTRY org.eclipse.osgi 4 0 2023-07-04 18:08:03.473
!MESSAGE Bundle initial@reference:file:plugins/org.eclipse.om2m.sdt.home.driver_1.1.0.20220116-0718.jar was not resolved.

!ENTRY org.eclipse.osgi 4 0 2023-07-04 18:08:03.473
!MESSAGE Bundle initial@reference:file:plugins/org.eclipse.om2m.webapp.resourcesbrowser.json_1.1.0.20220116-0718.jar was not resolved.

!ENTRY org.eclipse.om2m.dal.driver.sample 2 0 2023-07-04 18:08:03.488
!MESSAGE Could not resolve module: org.eclipse.om2m.dal.driver.sample [34]
  Unresolved requirement: Import-Package: org.osgi.service.dal
    -> Export-Package: org.osgi.service.dal; bundle-symbolic-name="org.eclipse.om2m.dal"; bundle-version="1.1.0.20220116-0718"; version="0.0.0"
       org.eclipse.om2m.dal [33]
         Unresolved requirement: Require-Capability: osgi.ee; filter:="(&(osgi.ee=JavaSE)(version=1.7))"


!ENTRY org.eclipse.om2m.dal 2 0 2023-07-04 18:08:03.490
!MESSAGE Could not resolve module: org.eclipse.om2m.dal [33]
  Unresolved requirement: Require-Capability: osgi.ee; filter:="(&(osgi.ee=JavaSE)(version=1.7))"


!ENTRY org.eclipse.equinox.http.jetty 2 0 2023-07-04 18:08:03.491
!MESSAGE Could not resolve module: org.eclipse.equinox.http.jetty [14]
  Unresolved requirement: Import-Package: javax.servlet; version="[2.6.0,4.0.0)"
    -> Export-Package: javax.servlet; bundle-symbolic-name="javax.servlet"; bundle-version="3.1.0.v201410161800"; version="3.1.0"; uses:="javax.servlet.descriptor,javax.servlet.annotation"
       javax.servlet [1]
         Unresolved requirement: Require-Capability: osgi.ee; filter:="(&(osgi.ee=JavaSE)(version=1.7))"


!ENTRY org.eclipse.om2m.binding.mqtt 2 0 2023-07-04 18:08:03.493
!MESSAGE Could not resolve module: org.eclipse.om2m.binding.mqtt [27]
  Unresolved requirement: Import-Package: org.eclipse.om2m.binding.service
    -> Export-Package: org.eclipse.om2m.binding.service; bundle-symbolic-name="org.eclipse.om2m.binding.service"; bundle-version="1.1.0.20220116-0718"; version="0.0.0"
       org.eclipse.om2m.binding.service [28]
         Unresolved requirement: Require-Bundle: org.eclipse.om2m.commons
           -> Bundle-SymbolicName: org.eclipse.om2m.commons; bundle-version="1.1.0.20220116-0718"
              org.eclipse.om2m.commons [29]
                Unresolved requirement: Require-Capability: osgi.ee; filter:="(&(osgi.ee=JavaSE)(version=1.8))"


!ENTRY org.eclipse.om2m.binding.service 2 0 2023-07-04 18:08:03.494
!MESSAGE Could not resolve module: org.eclipse.om2m.binding.service [28]
  Unresolved requirement: Require-Bundle: org.eclipse.om2m.commons
    -> Bundle-SymbolicName: org.eclipse.om2m.commons; bundle-version="1.1.0.20220116-0718"
       org.eclipse.om2m.commons [29]
         Unresolved requirement: Require-Capability: osgi.ee; filter:="(&(osgi.ee=JavaSE)(version=1.8))"


!ENTRY org.eclipse.jetty.servlet 2 0 2023-07-04 18:08:03.496
!MESSAGE Could not resolve module: org.eclipse.jetty.servlet [23]
  Unresolved requirement: Import-Package: javax.servlet; version="2.6.0"
    -> Export-Package: javax.servlet; bundle-symbolic-name="javax.servlet"; bundle-version="3.1.0.v201410161800"; version="3.1.0"; uses:="javax.servlet.descriptor,javax.servlet.annotation"
       javax.servlet [1]
         Unresolved requirement: Require-Capability: osgi.ee; filter:="(&(osgi.ee=JavaSE)(version=1.7))"


!ENTRY org.eclipse.jetty.io 2 0 2023-07-04 18:08:03.498
!MESSAGE Could not resolve module: org.eclipse.jetty.io [20]
  Unresolved requirement: Import-Package: org.eclipse.jetty.util; version="[8.1.0,9.0.0)"
    -> Export-Package: org.eclipse.jetty.util; bundle-symbolic-name="org.eclipse.jetty.util"; bundle-version="8.1.16.v20140903"; version="8.1.16"; uses:="org.eclipse.jetty.util.log,org.eclipse.jetty.util.thread,org.eclipse.jetty.util.resource,javax.servlet,javax.servlet.http,org.eclipse.jetty.util.component"
       org.eclipse.jetty.util [24]
         Unresolved requirement: Import-Package: javax.servlet; version="2.6.0"
           -> Export-Package: javax.servlet; bundle-symbolic-name="javax.servlet"; bundle-version="3.1.0.v201410161800"; version="3.1.0"; uses:="javax.servlet.descriptor,javax.servlet.annotation"
              javax.servlet [1]
                Unresolved requirement: Require-Capability: osgi.ee; filter:="(&(osgi.ee=JavaSE)(version=1.7))"


!ENTRY org.eclipse.jetty.server 2 0 2023-07-04 18:08:03.499
!MESSAGE Could not resolve module: org.eclipse.jetty.server [22]
  Unresolved requirement: Import-Package: javax.servlet; version="2.6.0"
    -> Export-Package: javax.servlet; bundle-symbolic-name="javax.servlet"; bundle-version="3.1.0.v201410161800"; version="3.1.0"; uses:="javax.servlet.descriptor,javax.servlet.annotation"
       javax.servlet [1]
         Unresolved requirement: Require-Capability: osgi.ee; filter:="(&(osgi.ee=JavaSE)(version=1.7))"


!ENTRY org.eclipse.om2m.flexcontainer.service 2 0 2023-07-04 18:08:03.501
!MESSAGE Could not resolve module: org.eclipse.om2m.flexcontainer.service [38]
  Unresolved requirement: Require-Bundle: org.eclipse.om2m.commons
    -> Bundle-SymbolicName: org.eclipse.om2m.commons; bundle-version="1.1.0.20220116-0718"
       org.eclipse.om2m.commons [29]
         Unresolved requirement: Require-Capability: osgi.ee; filter:="(&(osgi.ee=JavaSE)(version=1.8))"


!ENTRY org.eclipse.om2m.persistence.service 2 0 2023-07-04 18:08:03.503
!MESSAGE Could not resolve module: org.eclipse.om2m.persistence.service [45]
  Unresolved requirement: Import-Package: javax.persistence
    -> Export-Package: javax.persistence; bundle-symbolic-name="org.eclipse.om2m.commons"; bundle-version="1.1.0.20220116-0718"; version="0.0.0"
       org.eclipse.om2m.commons [29]
         Unresolved requirement: Require-Capability: osgi.ee; filter:="(&(osgi.ee=JavaSE)(version=1.8))"


!ENTRY org.eclipse.om2m.commons 2 0 2023-07-04 18:08:03.505
!MESSAGE Could not resolve module: org.eclipse.om2m.commons [29]
  Unresolved requirement: Require-Capability: osgi.ee; filter:="(&(osgi.ee=JavaSE)(version=1.8))"


!ENTRY org.eclipse.om2m.sdt.home.netatmo 2 0 2023-07-04 18:08:03.506
!MESSAGE Could not resolve module: org.eclipse.om2m.sdt.home.netatmo [54]
  Unresolved requirement: Import-Package: org.eclipse.om2m.sdt
    -> Export-Package: org.eclipse.om2m.sdt; bundle-symbolic-name="org.eclipse.om2m.sdt.api"; bundle-version="1.1.0.20220116-0718"; version="0.0.0"
       org.eclipse.om2m.sdt.api [46]
         Unresolved requirement: Require-Capability: osgi.ee; filter:="(&(osgi.ee=JavaSE)(version=1.7))"


!ENTRY org.eclipse.equinox.http.servlet 2 0 2023-07-04 18:08:03.507
!MESSAGE Could not resolve module: org.eclipse.equinox.http.servlet [15]
  Unresolved requirement: Import-Package: javax.servlet; version="[2.3.0,4.0.0)"
    -> Export-Package: javax.servlet; bundle-symbolic-name="javax.servlet"; bundle-version="3.1.0.v201410161800"; version="3.1.0"; uses:="javax.servlet.descriptor,javax.servlet.annotation"
       javax.servlet [1]
         Unresolved requirement: Require-Capability: osgi.ee; filter:="(&(osgi.ee=JavaSE)(version=1.7))"


!ENTRY org.eclipse.om2m.sdt.home.mocked.devices 2 0 2023-07-04 18:08:03.509
!MESSAGE Could not resolve module: org.eclipse.om2m.sdt.home.mocked.devices [51]
  Unresolved requirement: Import-Package: org.eclipse.om2m.sdt
    -> Export-Package: org.eclipse.om2m.sdt; bundle-symbolic-name="org.eclipse.om2m.sdt.api"; bundle-version="1.1.0.20220116-0718"; version="0.0.0"
       org.eclipse.om2m.sdt.api [46]
         Unresolved requirement: Require-Capability: osgi.ee; filter:="(&(osgi.ee=JavaSE)(version=1.7))"


!ENTRY org.eclipse.jetty.util 2 0 2023-07-04 18:08:03.510
!MESSAGE Could not resolve module: org.eclipse.jetty.util [24]
  Unresolved requirement: Import-Package: javax.servlet; version="2.6.0"
    -> Export-Package: javax.servlet; bundle-symbolic-name="javax.servlet"; bundle-version="3.1.0.v201410161800"; version="3.1.0"; uses:="javax.servlet.descriptor,javax.servlet.annotation"
       javax.servlet [1]
         Unresolved requirement: Require-Capability: osgi.ee; filter:="(&(osgi.ee=JavaSE)(version=1.7))"


!ENTRY org.eclipse.om2m.sdt.home.monitoring.authentication.service 2 0 2023-07-04 18:08:03.511
!MESSAGE Could not resolve module: org.eclipse.om2m.sdt.home.monitoring.authentication.service [53]
  Unresolved requirement: Require-Capability: osgi.ee; filter:="(&(osgi.ee=JavaSE)(version=1.7))"


!ENTRY org.eclipse.om2m.ipe.sdt.testsuite 2 0 2023-07-04 18:08:03.513
!MESSAGE Could not resolve module: org.eclipse.om2m.ipe.sdt.testsuite [42]
  Unresolved requirement: Import-Package: javax.servlet
    -> Export-Package: javax.servlet; bundle-symbolic-name="javax.servlet"; bundle-version="3.1.0.v201410161800"; version="3.1.0"; uses:="javax.servlet.descriptor,javax.servlet.annotation"
       javax.servlet [1]
         Unresolved requirement: Require-Capability: osgi.ee; filter:="(&(osgi.ee=JavaSE)(version=1.7))"


!ENTRY org.eclipse.om2m.ipe.sdt 2 0 2023-07-04 18:08:03.514
!MESSAGE Could not resolve module: org.eclipse.om2m.ipe.sdt [41]
  Unresolved requirement: Import-Package: org.eclipse.om2m.commons.constants
    -> Export-Package: org.eclipse.om2m.commons.constants; bundle-symbolic-name="org.eclipse.om2m.commons"; bundle-version="1.1.0.20220116-0718"; version="0.0.0"
       org.eclipse.om2m.commons [29]
         Unresolved requirement: Require-Capability: osgi.ee; filter:="(&(osgi.ee=JavaSE)(version=1.8))"


!ENTRY org.eclipse.om2m.binding.http 2 0 2023-07-04 18:08:03.515
!MESSAGE Could not resolve module: org.eclipse.om2m.binding.http [26]
  Unresolved requirement: Import-Package: javax.servlet
    -> Export-Package: javax.servlet; bundle-symbolic-name="javax.servlet"; bundle-version="3.1.0.v201410161800"; version="3.1.0"; uses:="javax.servlet.descriptor,javax.servlet.annotation"
       javax.servlet [1]
         Unresolved requirement: Require-Capability: osgi.ee; filter:="(&(osgi.ee=JavaSE)(version=1.7))"


!ENTRY org.eclipse.om2m.datamapping.service 2 0 2023-07-04 18:08:03.517
!MESSAGE Could not resolve module: org.eclipse.om2m.datamapping.service [37]
  Unresolved requirement: Require-Bundle: org.eclipse.om2m.commons
    -> Bundle-SymbolicName: org.eclipse.om2m.commons; bundle-version="1.1.0.20220116-0718"
       org.eclipse.om2m.commons [29]
         Unresolved requirement: Require-Capability: osgi.ee; filter:="(&(osgi.ee=JavaSE)(version=1.8))"


!ENTRY org.eclipse.om2m.commons.logging 2 0 2023-07-04 18:08:03.518
!MESSAGE Could not resolve module: org.eclipse.om2m.commons.logging [30]
  Unresolved requirement: Require-Capability: osgi.ee; filter:="(&(osgi.ee=JavaSE)(version=1.7))"
  Unresolved requirement: Fragment-Host: org.apache.commons.logging


!ENTRY org.eclipse.om2m.sdt.comparator.xml 2 0 2023-07-04 18:08:03.519
!MESSAGE Could not resolve module: org.eclipse.om2m.sdt.comparator.xml [47]
  Unresolved requirement: Import-Package: javax.servlet
    -> Export-Package: javax.servlet; bundle-symbolic-name="javax.servlet"; bundle-version="3.1.0.v201410161800"; version="3.1.0"; uses:="javax.servlet.descriptor,javax.servlet.annotation"
       javax.servlet [1]
         Unresolved requirement: Require-Capability: osgi.ee; filter:="(&(osgi.ee=JavaSE)(version=1.7))"


!ENTRY org.eclipse.om2m.persistence.mongodb 2 0 2023-07-04 18:08:03.520
!MESSAGE Could not resolve module: org.eclipse.om2m.persistence.mongodb [44]
  Unresolved requirement: Import-Package: javax.persistence
    -> Export-Package: javax.persistence; bundle-symbolic-name="org.eclipse.om2m.commons"; bundle-version="1.1.0.20220116-0718"; version="0.0.0"
       org.eclipse.om2m.commons [29]
         Unresolved requirement: Require-Capability: osgi.ee; filter:="(&(osgi.ee=JavaSE)(version=1.8))"


!ENTRY org.eclipse.om2m.sdt.home.monitoring 2 0 2023-07-04 18:08:03.521
!MESSAGE Could not resolve module: org.eclipse.om2m.sdt.home.monitoring [52]
  Unresolved requirement: Import-Package: javax.servlet
    -> Export-Package: javax.servlet; bundle-symbolic-name="javax.servlet"; bundle-version="3.1.0.v201410161800"; version="3.1.0"; uses:="javax.servlet.descriptor,javax.servlet.annotation"
       javax.servlet [1]
         Unresolved requirement: Require-Capability: osgi.ee; filter:="(&(osgi.ee=JavaSE)(version=1.7))"


!ENTRY org.eclipse.om2m.webapp.resourcesbrowser.json 2 0 2023-07-04 18:08:03.522
!MESSAGE Could not resolve module: org.eclipse.om2m.webapp.resourcesbrowser.json [56]
  Unresolved requirement: Import-Package: javax.servlet
    -> Export-Package: javax.servlet; bundle-symbolic-name="javax.servlet"; bundle-version="3.1.0.v201410161800"; version="3.1.0"; uses:="javax.servlet.descriptor,javax.servlet.annotation"
       javax.servlet [1]
         Unresolved requirement: Require-Capability: osgi.ee; filter:="(&(osgi.ee=JavaSE)(version=1.7))"


!ENTRY org.eclipse.jetty.http 2 0 2023-07-04 18:08:03.523
!MESSAGE Could not resolve module: org.eclipse.jetty.http [19]
  Unresolved requirement: Import-Package: javax.servlet; version="2.6.0"
    -> Export-Package: javax.servlet; bundle-symbolic-name="javax.servlet"; bundle-version="3.1.0.v201410161800"; version="3.1.0"; uses:="javax.servlet.descriptor,javax.servlet.annotation"
       javax.servlet [1]
         Unresolved requirement: Require-Capability: osgi.ee; filter:="(&(osgi.ee=JavaSE)(version=1.7))"


!ENTRY org.eclipse.jetty.security 2 0 2023-07-04 18:08:03.524
!MESSAGE Could not resolve module: org.eclipse.jetty.security [21]
  Unresolved requirement: Import-Package: javax.servlet; version="2.6.0"
    -> Export-Package: javax.servlet; bundle-symbolic-name="javax.servlet"; bundle-version="3.1.0.v201410161800"; version="3.1.0"; uses:="javax.servlet.descriptor,javax.servlet.annotation"
       javax.servlet [1]
         Unresolved requirement: Require-Capability: osgi.ee; filter:="(&(osgi.ee=JavaSE)(version=1.7))"


!ENTRY org.eclipse.om2m.binding.coap 2 0 2023-07-04 18:08:03.525
!MESSAGE Could not resolve module: org.eclipse.om2m.binding.coap [25]
  Unresolved requirement: Import-Package: org.eclipse.om2m.binding.service
    -> Export-Package: org.eclipse.om2m.binding.service; bundle-symbolic-name="org.eclipse.om2m.binding.service"; bundle-version="1.1.0.20220116-0718"; version="0.0.0"
       org.eclipse.om2m.binding.service [28]
         Unresolved requirement: Require-Bundle: org.eclipse.om2m.commons
           -> Bundle-SymbolicName: org.eclipse.om2m.commons; bundle-version="1.1.0.20220116-0718"
              org.eclipse.om2m.commons [29]
                Unresolved requirement: Require-Capability: osgi.ee; filter:="(&(osgi.ee=JavaSE)(version=1.8))"


!ENTRY org.eclipse.om2m.ipe.dal 2 0 2023-07-04 18:08:03.526
!MESSAGE Could not resolve module: org.eclipse.om2m.ipe.dal [40]
  Unresolved requirement: Import-Package: org.eclipse.om2m.commons.resource
    -> Export-Package: org.eclipse.om2m.commons.resource; bundle-symbolic-name="org.eclipse.om2m.commons"; bundle-version="1.1.0.20220116-0718"; version="0.0.0"
       org.eclipse.om2m.commons [29]
         Unresolved requirement: Require-Capability: osgi.ee; filter:="(&(osgi.ee=JavaSE)(version=1.8))"


!ENTRY org.eclipse.om2m.sdt.home.alexa 2 0 2023-07-04 18:08:03.527
!MESSAGE Could not resolve module: org.eclipse.om2m.sdt.home.alexa [49]
  Unresolved requirement: Import-Package: javax.servlet
    -> Export-Package: javax.servlet; bundle-symbolic-name="javax.servlet"; bundle-version="3.1.0.v201410161800"; version="3.1.0"; uses:="javax.servlet.descriptor,javax.servlet.annotation"
       javax.servlet [1]
         Unresolved requirement: Require-Capability: osgi.ee; filter:="(&(osgi.ee=JavaSE)(version=1.7))"


!ENTRY javax.servlet 2 0 2023-07-04 18:08:03.528
!MESSAGE Could not resolve module: javax.servlet [1]
  Unresolved requirement: Require-Capability: osgi.ee; filter:="(&(osgi.ee=JavaSE)(version=1.7))"


!ENTRY org.eclipse.om2m.core 2 0 2023-07-04 18:08:03.529
!MESSAGE Could not resolve module: org.eclipse.om2m.core [31]
  Unresolved requirement: Import-Package: javax.persistence
    -> Export-Package: javax.persistence; bundle-symbolic-name="org.eclipse.om2m.commons"; bundle-version="1.1.0.20220116-0718"; version="0.0.0"
       org.eclipse.om2m.commons [29]
         Unresolved requirement: Require-Capability: osgi.ee; filter:="(&(osgi.ee=JavaSE)(version=1.8))"


!ENTRY org.eclipse.om2m.persistence.eclipselink 2 0 2023-07-04 18:08:03.530
!MESSAGE Could not resolve module: org.eclipse.om2m.persistence.eclipselink [43]
  Unresolved requirement: Import-Package: javax.persistence
    -> Export-Package: javax.persistence; bundle-symbolic-name="org.eclipse.om2m.commons"; bundle-version="1.1.0.20220116-0718"; version="0.0.0"
       org.eclipse.om2m.commons [29]
         Unresolved requirement: Require-Capability: osgi.ee; filter:="(&(osgi.ee=JavaSE)(version=1.8))"


!ENTRY org.eclipse.om2m.sdt.home 2 0 2023-07-04 18:08:03.531
!MESSAGE Could not resolve module: org.eclipse.om2m.sdt.home [48]
  Unresolved requirement: Import-Package: org.eclipse.om2m.commons.resource
    -> Export-Package: org.eclipse.om2m.commons.resource; bundle-symbolic-name="org.eclipse.om2m.commons"; bundle-version="1.1.0.20220116-0718"; version="0.0.0"
       org.eclipse.om2m.commons [29]
         Unresolved requirement: Require-Capability: osgi.ee; filter:="(&(osgi.ee=JavaSE)(version=1.8))"


!ENTRY org.eclipse.om2m.das.testsuite 2 0 2023-07-04 18:08:03.533
!MESSAGE Could not resolve module: org.eclipse.om2m.das.testsuite [35]
  Unresolved requirement: Import-Package: org.eclipse.om2m.commons.constants
    -> Export-Package: org.eclipse.om2m.commons.constants; bundle-symbolic-name="org.eclipse.om2m.commons"; bundle-version="1.1.0.20220116-0718"; version="0.0.0"
       org.eclipse.om2m.commons [29]
         Unresolved requirement: Require-Capability: osgi.ee; filter:="(&(osgi.ee=JavaSE)(version=1.8))"


!ENTRY org.eclipse.om2m.testsuite.flexcontainer 2 0 2023-07-04 18:08:03.535
!MESSAGE Could not resolve module: org.eclipse.om2m.testsuite.flexcontainer [55]
  Unresolved requirement: Import-Package: javax.servlet; version="3.1.0"
    -> Export-Package: javax.servlet; bundle-symbolic-name="javax.servlet"; bundle-version="3.1.0.v201410161800"; version="3.1.0"; uses:="javax.servlet.descriptor,javax.servlet.annotation"
       javax.servlet [1]
         Unresolved requirement: Require-Capability: osgi.ee; filter:="(&(osgi.ee=JavaSE)(version=1.7))"


!ENTRY org.eclipse.om2m.sdt.home.driver 2 0 2023-07-04 18:08:03.537
!MESSAGE Could not resolve module: org.eclipse.om2m.sdt.home.driver [50]
  Unresolved requirement: Import-Package: org.eclipse.om2m.sdt
    -> Export-Package: org.eclipse.om2m.sdt; bundle-symbolic-name="org.eclipse.om2m.sdt.api"; bundle-version="1.1.0.20220116-0718"; version="0.0.0"
       org.eclipse.om2m.sdt.api [46]
         Unresolved requirement: Require-Capability: osgi.ee; filter:="(&(osgi.ee=JavaSE)(version=1.7))"


!ENTRY org.eclipse.jetty.continuation 2 0 2023-07-04 18:08:03.538
!MESSAGE Could not resolve module: org.eclipse.jetty.continuation [18]
  Unresolved requirement: Import-Package: javax.servlet; version="2.6.0"
    -> Export-Package: javax.servlet; bundle-symbolic-name="javax.servlet"; bundle-version="3.1.0.v201410161800"; version="3.1.0"; uses:="javax.servlet.descriptor,javax.servlet.annotation"
       javax.servlet [1]
         Unresolved requirement: Require-Capability: osgi.ee; filter:="(&(osgi.ee=JavaSE)(version=1.7))"


!ENTRY org.eclipse.om2m.core.service 2 0 2023-07-04 18:08:03.539
!MESSAGE Could not resolve module: org.eclipse.om2m.core.service [32]
  Unresolved requirement: Import-Package: javax.persistence
    -> Export-Package: javax.persistence; bundle-symbolic-name="org.eclipse.om2m.commons"; bundle-version="1.1.0.20220116-0718"; version="0.0.0"
       org.eclipse.om2m.commons [29]
         Unresolved requirement: Require-Capability: osgi.ee; filter:="(&(osgi.ee=JavaSE)(version=1.8))"


!ENTRY org.eclipse.om2m.sdt.api 2 0 2023-07-04 18:08:03.540
!MESSAGE Could not resolve module: org.eclipse.om2m.sdt.api [46]
  Unresolved requirement: Require-Capability: osgi.ee; filter:="(&(osgi.ee=JavaSE)(version=1.7))"


!ENTRY org.eclipse.om2m.datamapping.jaxb 2 0 2023-07-04 18:08:03.541
!MESSAGE Could not resolve module: org.eclipse.om2m.datamapping.jaxb [36]
  Unresolved requirement: Import-Package: org.eclipse.om2m.commons.constants
    -> Export-Package: org.eclipse.om2m.commons.constants; bundle-symbolic-name="org.eclipse.om2m.commons"; bundle-version="1.1.0.20220116-0718"; version="0.0.0"
       org.eclipse.om2m.commons [29]
         Unresolved requirement: Require-Capability: osgi.ee; filter:="(&(osgi.ee=JavaSE)(version=1.8))"


!ENTRY org.eclipse.om2m.interworking.service 2 0 2023-07-04 18:08:03.542
!MESSAGE Could not resolve module: org.eclipse.om2m.interworking.service [39]
  Unresolved requirement: Require-Bundle: org.eclipse.om2m.commons
    -> Bundle-SymbolicName: org.eclipse.om2m.commons; bundle-version="1.1.0.20220116-0718"
       org.eclipse.om2m.commons [29]
         Unresolved requirement: Require-Capability: osgi.ee; filter:="(&(osgi.ee=JavaSE)(version=1.8))"


!ENTRY org.eclipse.osgi 4 0 2023-07-04 18:08:03.543
!MESSAGE Application error
!STACK 1
java.lang.IllegalStateException: Unable to acquire application service. Ensure that the org.eclipse.core.runtime bundle is resolved and started (see config.ini).
	at org.eclipse.core.runtime.internal.adaptor.EclipseAppLauncher.start(EclipseAppLauncher.java:78)
	at org.eclipse.core.runtime.adaptor.EclipseStarter.run(EclipseStarter.java:380)
	at org.eclipse.core.runtime.adaptor.EclipseStarter.run(EclipseStarter.java:235)
	at java.base/jdk.internal.reflect.NativeMethodAccessorImpl.invoke0(Native Method)
	at java.base/jdk.internal.reflect.NativeMethodAccessorImpl.invoke(NativeMethodAccessorImpl.java:64)
	at java.base/jdk.internal.reflect.DelegatingMethodAccessorImpl.invoke(DelegatingMethodAccessorImpl.java:43)
	at java.base/java.lang.reflect.Method.invoke(Method.java:564)
	at org.eclipse.equinox.launcher.Main.invokeFramework(Main.java:648)
	at org.eclipse.equinox.launcher.Main.basicRun(Main.java:603)
	at org.eclipse.equinox.launcher.Main.run(Main.java:1465)
	at org.eclipse.equinox.launcher.Main.main(Main.java:1438)
